{"C:\\Users\\haris\\OneDrive\\Desktop\\React-Series\\React-Course\\src\\components\\Contact.js": {"path":"C:\\Users\\haris\\OneDrive\\Desktop\\React-Series\\React-Course\\src\\components\\Contact.js","statementMap":{"0":{"start":{"line":3,"column":18},"end":{"line":43,"column":1}},"1":{"start":{"line":4,"column":2},"end":{"line":42,"column":4}}},"fnMap":{"0":{"name":"(anonymous_0)","decl":{"start":{"line":3,"column":18},"end":{"line":3,"column":19}},"loc":{"start":{"line":3,"column":24},"end":{"line":43,"column":1}},"line":3}},"branchMap":{},"s":{"0":1,"1":2},"f":{"0":2},"b":{},"_coverageSchema":"1a1c01bbd47fc00a2c39e90264f33305004495a9","hash":"53499ac1072796e57fabef69c7fbd981018cae7e"}
,"C:\\Users\\haris\\OneDrive\\Desktop\\React-Series\\React-Course\\src\\components\\sum.js": {"path":"C:\\Users\\haris\\OneDrive\\Desktop\\React-Series\\React-Course\\src\\components\\sum.js","statementMap":{"0":{"start":{"line":1,"column":19},"end":{"line":3,"column":1}},"1":{"start":{"line":2,"column":2},"end":{"line":2,"column":15}}},"fnMap":{"0":{"name":"(anonymous_0)","decl":{"start":{"line":1,"column":19},"end":{"line":1,"column":20}},"loc":{"start":{"line":1,"column":29},"end":{"line":3,"column":1}},"line":1}},"branchMap":{},"s":{"0":1,"1":1},"f":{"0":1},"b":{},"_coverageSchema":"1a1c01bbd47fc00a2c39e90264f33305004495a9","hash":"c34df9b4dbeb1ff8e22b2618a6aeb5f3b796906b"}
,"C:\\Users\\haris\\OneDrive\\Desktop\\React-Series\\React-Course\\src\\components\\header\\Header.js": {"path":"C:\\Users\\haris\\OneDrive\\Desktop\\React-Series\\React-Course\\src\\components\\header\\Header.js","statementMap":{"0":{"start":{"line":7,"column":15},"end":{"line":57,"column":1}},"1":{"start":{"line":8,"column":37},"end":{"line":8,"column":54}},"2":{"start":{"line":10,"column":23},"end":{"line":10,"column":40}},"3":{"start":{"line":11,"column":19},"end":{"line":11,"column":42}},"4":{"start":{"line":13,"column":20},"end":{"line":13,"column":60}},"5":{"start":{"line":13,"column":43},"end":{"line":13,"column":59}},"6":{"start":{"line":16,"column":2},"end":{"line":56,"column":4}},"7":{"start":{"line":44,"column":16},"end":{"line":46,"column":40}}},"fnMap":{"0":{"name":"(anonymous_0)","decl":{"start":{"line":7,"column":15},"end":{"line":7,"column":16}},"loc":{"start":{"line":7,"column":21},"end":{"line":57,"column":1}},"line":7},"1":{"name":"(anonymous_1)","decl":{"start":{"line":13,"column":32},"end":{"line":13,"column":33}},"loc":{"start":{"line":13,"column":43},"end":{"line":13,"column":59}},"line":13},"2":{"name":"(anonymous_2)","decl":{"start":{"line":43,"column":23},"end":{"line":43,"column":24}},"loc":{"start":{"line":43,"column":29},"end":{"line":47,"column":15}},"line":43}},"branchMap":{"0":{"loc":{"start":{"line":26,"column":46},"end":{"line":26,"column":70}},"type":"cond-expr","locations":[{"start":{"line":26,"column":61},"end":{"line":26,"column":64}},{"start":{"line":26,"column":67},"end":{"line":26,"column":70}}],"line":26},"1":{"loc":{"start":{"line":44,"column":16},"end":{"line":46,"column":39}},"type":"cond-expr","locations":[{"start":{"line":45,"column":20},"end":{"line":45,"column":40}},{"start":{"line":46,"column":20},"end":{"line":46,"column":39}}],"line":44}},"s":{"0":1,"1":3,"2":3,"3":3,"4":3,"5":5,"6":3,"7":1},"f":{"0":3,"1":5,"2":1},"b":{"0":[3,0],"1":[1,0]},"_coverageSchema":"1a1c01bbd47fc00a2c39e90264f33305004495a9","hash":"25abc2d819cb259c4197d4a8e4b6b180e92d498c"}
,"C:\\Users\\haris\\OneDrive\\Desktop\\React-Series\\React-Course\\src\\utills\\UserContext.js": {"path":"C:\\Users\\haris\\OneDrive\\Desktop\\React-Series\\React-Course\\src\\utills\\UserContext.js","statementMap":{"0":{"start":{"line":3,"column":20},"end":{"line":5,"column":2}}},"fnMap":{},"branchMap":{},"s":{"0":1},"f":{},"b":{},"_coverageSchema":"1a1c01bbd47fc00a2c39e90264f33305004495a9","hash":"44f1db2cded240c91e8f5ec046dec876fef1772e"}
,"C:\\Users\\haris\\OneDrive\\Desktop\\React-Series\\React-Course\\src\\utills\\appStore.js": {"path":"C:\\Users\\haris\\OneDrive\\Desktop\\React-Series\\React-Course\\src\\utills\\appStore.js","statementMap":{"0":{"start":{"line":4,"column":17},"end":{"line":8,"column":2}}},"fnMap":{},"branchMap":{},"s":{"0":1},"f":{},"b":{},"_coverageSchema":"1a1c01bbd47fc00a2c39e90264f33305004495a9","hash":"4388b9a542ca8d1309f777f512948a814fd9798e"}
,"C:\\Users\\haris\\OneDrive\\Desktop\\React-Series\\React-Course\\src\\utills\\cartSlice.js": {"path":"C:\\Users\\haris\\OneDrive\\Desktop\\React-Series\\React-Course\\src\\utills\\cartSlice.js","statementMap":{"0":{"start":{"line":3,"column":18},"end":{"line":22,"column":2}},"1":{"start":{"line":11,"column":6},"end":{"line":11,"column":39}},"2":{"start":{"line":14,"column":6},"end":{"line":14,"column":24}},"3":{"start":{"line":17,"column":6},"end":{"line":17,"column":25}},"4":{"start":{"line":18,"column":6},"end":{"line":18,"column":34}},"5":{"start":{"line":19,"column":6},"end":{"line":19,"column":29}},"6":{"start":{"line":24,"column":50},"end":{"line":24,"column":67}}},"fnMap":{"0":{"name":"(anonymous_0)","decl":{"start":{"line":9,"column":13},"end":{"line":9,"column":14}},"loc":{"start":{"line":9,"column":32},"end":{"line":12,"column":5}},"line":9},"1":{"name":"(anonymous_1)","decl":{"start":{"line":13,"column":16},"end":{"line":13,"column":17}},"loc":{"start":{"line":13,"column":35},"end":{"line":15,"column":5}},"line":13},"2":{"name":"(anonymous_2)","decl":{"start":{"line":16,"column":15},"end":{"line":16,"column":16}},"loc":{"start":{"line":16,"column":26},"end":{"line":20,"column":5}},"line":16}},"branchMap":{},"s":{"0":1,"1":0,"2":0,"3":0,"4":0,"5":0,"6":1},"f":{"0":0,"1":0,"2":0},"b":{},"_coverageSchema":"1a1c01bbd47fc00a2c39e90264f33305004495a9","hash":"670e654d3e54511fd48b7e7917c77517bb5268ea"}
,"C:\\Users\\haris\\OneDrive\\Desktop\\React-Series\\React-Course\\src\\utills\\useOnlineStatus.js": {"path":"C:\\Users\\haris\\OneDrive\\Desktop\\React-Series\\React-Course\\src\\utills\\useOnlineStatus.js","statementMap":{"0":{"start":{"line":3,"column":24},"end":{"line":18,"column":1}},"1":{"start":{"line":4,"column":42},"end":{"line":4,"column":56}},"2":{"start":{"line":7,"column":2},"end":{"line":15,"column":9}},"3":{"start":{"line":8,"column":4},"end":{"line":10,"column":7}},"4":{"start":{"line":9,"column":6},"end":{"line":9,"column":29}},"5":{"start":{"line":12,"column":4},"end":{"line":14,"column":7}},"6":{"start":{"line":13,"column":6},"end":{"line":13,"column":28}},"7":{"start":{"line":17,"column":2},"end":{"line":17,"column":22}}},"fnMap":{"0":{"name":"(anonymous_0)","decl":{"start":{"line":3,"column":24},"end":{"line":3,"column":25}},"loc":{"start":{"line":3,"column":30},"end":{"line":18,"column":1}},"line":3},"1":{"name":"(anonymous_1)","decl":{"start":{"line":7,"column":12},"end":{"line":7,"column":13}},"loc":{"start":{"line":7,"column":18},"end":{"line":15,"column":3}},"line":7},"2":{"name":"(anonymous_2)","decl":{"start":{"line":8,"column":39},"end":{"line":8,"column":40}},"loc":{"start":{"line":8,"column":45},"end":{"line":10,"column":5}},"line":8},"3":{"name":"(anonymous_3)","decl":{"start":{"line":12,"column":38},"end":{"line":12,"column":39}},"loc":{"start":{"line":12,"column":44},"end":{"line":14,"column":5}},"line":12}},"branchMap":{},"s":{"0":1,"1":3,"2":3,"3":2,"4":0,"5":2,"6":0,"7":3},"f":{"0":3,"1":2,"2":0,"3":0},"b":{},"_coverageSchema":"1a1c01bbd47fc00a2c39e90264f33305004495a9","hash":"4cdbfe0fc83282d67d2b00a6236e9592a2ebf77d"}
}
